chain's latest block number: 4175401
Travelling logs
block number: 3772080
txHash: 0x7270c21c2edac7fa9defb92a687d95169c39312c858300a38272936e999d9e5b
topic 0: 0xddf252ad1be2c89b69c2b068fc378daa952ba7f163c4a11628f55a4df523b3ef
topic 1: 0x0000000000000000000000000000000000000000000000000000000000000000
topic 2: 0x0000000000000000000000001205114ba41d7b3e9d2c4dac77765f820b4791c6
issue this time: 1746669420000000

block number: 3823908
txHash: 0xc3b2731c054b78eacdf57c908f608c429f620f5b8f3b1e2d0fe8ab4208d6a310
topic 0: 0xddf252ad1be2c89b69c2b068fc378daa952ba7f163c4a11628f55a4df523b3ef
topic 1: 0x0000000000000000000000000000000000000000000000000000000000000000
topic 2: 0x0000000000000000000000001205114ba41d7b3e9d2c4dac77765f820b4791c6
issue this time: 3653164800000000

block number: 3823908
txHash: 0x4f29d9666a238af1976943cac74b02f0290ee1919c94f2539c0e101e42bd04b1
topic 0: 0xddf252ad1be2c89b69c2b068fc378daa952ba7f163c4a11628f55a4df523b3ef
topic 1: 0x0000000000000000000000000000000000000000000000000000000000000000
topic 2: 0x0000000000000000000000001205114ba41d7b3e9d2c4dac77765f820b4791c6
issue this time: 4566456000000000

block number: 3823908
txHash: 0xdf078c41981f271746803820c5a36c47703cb3743be7954ed845089435d18336
topic 0: 0xddf252ad1be2c89b69c2b068fc378daa952ba7f163c4a11628f55a4df523b3ef
topic 1: 0x0000000000000000000000000000000000000000000000000000000000000000
topic 2: 0x0000000000000000000000001205114ba41d7b3e9d2c4dac77765f820b4791c6
issue this time: 5475941820000000

block number: 3825978
txHash: 0xaf8e85a21fb211c51eefe4bca62b645b3942dd365d6858fcd31d0471c5ad1df5
topic 0: 0xddf252ad1be2c89b69c2b068fc378daa952ba7f163c4a11628f55a4df523b3ef
topic 1: 0x0000000000000000000000000000000000000000000000000000000000000000
topic 2: 0x0000000000000000000000001205114ba41d7b3e9d2c4dac77765f820b4791c6
issue this time: 765832725000000

block number: 3835410
txHash: 0x94556e2c778e6a27766ca8a9d99de97a1ddc7f66c615c66bcf7a53129ac813b6
topic 0: 0xddf252ad1be2c89b69c2b068fc378daa952ba7f163c4a11628f55a4df523b3ef
topic 1: 0x0000000000000000000000000000000000000000000000000000000000000000
topic 2: 0x0000000000000000000000001205114ba41d7b3e9d2c4dac77765f820b4791c6
issue this time: 3639113190000000

block number: 3894288
txHash: 0x0d93a5bd7aa134673166df0c4389aaf1fe06b005657e1975f7e6fd1a319e4baa
topic 0: 0xddf252ad1be2c89b69c2b068fc378daa952ba7f163c4a11628f55a4df523b3ef
topic 1: 0x0000000000000000000000000000000000000000000000000000000000000000
topic 2: 0x0000000000000000000000001205114ba41d7b3e9d2c4dac77765f820b4791c6
issue this time: 231890343750000

block number: 3908052
txHash: 0xb5606c9a705ee9a30d2ecf60eb7065209d16ee2aaad538f7966695e1a8d935d7
topic 0: 0xddf252ad1be2c89b69c2b068fc378daa952ba7f163c4a11628f55a4df523b3ef
topic 1: 0x0000000000000000000000000000000000000000000000000000000000000000
topic 2: 0x0000000000000000000000001205114ba41d7b3e9d2c4dac77765f820b4791c6
issue this time: 727461810000000

block number: 3925320
txHash: 0x2d9fdedcd6ea4758ef324aa22e02603d9f17cbf7fa7b21015241fab7ffbc4a52
topic 0: 0xddf252ad1be2c89b69c2b068fc378daa952ba7f163c4a11628f55a4df523b3ef
topic 1: 0x0000000000000000000000000000000000000000000000000000000000000000
topic 2: 0x0000000000000000000000001205114ba41d7b3e9d2c4dac77765f820b4791c6
issue this time: 1252456263000000

block number: 3945900
txHash: 0xda447b7678eec3eb2230906fe395cb9424b909e5a49a776f52b1ea8ef4670a56
topic 0: 0xddf252ad1be2c89b69c2b068fc378daa952ba7f163c4a11628f55a4df523b3ef
topic 1: 0x0000000000000000000000000000000000000000000000000000000000000000
topic 2: 0x0000000000000000000000001205114ba41d7b3e9d2c4dac77765f820b4791c6
issue this time: 1253724723000000

block number: 3945918
txHash: 0x9ebd3c7aed9ace43e88271d18afcf9d177e206fee2dc9c7bfa4e0f9beffbc434
topic 0: 0xddf252ad1be2c89b69c2b068fc378daa952ba7f163c4a11628f55a4df523b3ef
topic 1: 0x0000000000000000000000000000000000000000000000000000000000000000
topic 2: 0x0000000000000000000000001205114ba41d7b3e9d2c4dac77765f820b4791c6
issue this time: 350729190000000

block number: 3945936
txHash: 0x0e603dd8263ef2319bcb7b47e3f3ada28062ed2fb73bc12865280e374ce49ee6
topic 0: 0xddf252ad1be2c89b69c2b068fc378daa952ba7f163c4a11628f55a4df523b3ef
topic 1: 0x0000000000000000000000000000000000000000000000000000000000000000
topic 2: 0x0000000000000000000000001205114ba41d7b3e9d2c4dac77765f820b4791c6
issue this time: 2854035000000

total issue: 23666294319750000
