chain's latest block number: 4175395
Travelling issu logs
===== show log 0 =====
parsing topics..
searching for issu action
===== show log 1 =====
parsing topics..
searching for issu action
---- Found an issu event! ----
block number: 3894288
txHash: 0x2fb6cb174f0467fee3f9ebbedd863cdbaa8402052a6676ee8d92cf799acc9afb
topics details:
event Issu(uint256 indexed sprice, uint64 indexed now, uint64 indexed last);
topic0: 0x11b3bd0b1439fef956ad5b4c0b5c1fb4eba94e9c2a8ace3497a5b0712fb4c828
topic1: 0x0000000000000000000000000000000000000000000000000000000000000000
topic2: 0x00000000000000000000000000000000000000000000000000000000635b88b7
topic3: 0x00000000000000000000000000000000000000000000000000000000635a3737

===== show log 2 =====
parsing topics..
searching for issu action
---- Found an issu event! ----
block number: 3894288
txHash: 0x0d93a5bd7aa134673166df0c4389aaf1fe06b005657e1975f7e6fd1a319e4baa
topics details:
event Issu(uint256 indexed sprice, uint64 indexed now, uint64 indexed last);
topic0: 0x11b3bd0b1439fef956ad5b4c0b5c1fb4eba94e9c2a8ace3497a5b0712fb4c828
topic1: 0x000000000000000000000000000000000000000000000000000000013b0683d0
topic2: 0x00000000000000000000000000000000000000000000000000000000635c341a
topic3: 0x00000000000000000000000000000000000000000000000000000000635b88b7

===== show log 3 =====
parsing topics..
searching for issu action
---- Found an issu event! ----
block number: 3908052
txHash: 0xb5606c9a705ee9a30d2ecf60eb7065209d16ee2aaad538f7966695e1a8d935d7
topics details:
event Issu(uint256 indexed sprice, uint64 indexed now, uint64 indexed last);
topic0: 0x11b3bd0b1439fef956ad5b4c0b5c1fb4eba94e9c2a8ace3497a5b0712fb4c828
topic1: 0x00000000000000000000000000000000000000000000000000000002760d07a0
topic2: 0x00000000000000000000000000000000000000000000000000000000635d40ee
topic3: 0x00000000000000000000000000000000000000000000000000000000635c341a

===== show log 4 =====
parsing topics..
searching for issu action
---- Found an issu event! ----
block number: 3908052
txHash: 0x4b948849434e2012e5f8d53597114c674d25fa644c6c81497636488855f2f684
topics details:
event Issu(uint256 indexed sprice, uint64 indexed now, uint64 indexed last);
topic0: 0x11b3bd0b1439fef956ad5b4c0b5c1fb4eba94e9c2a8ace3497a5b0712fb4c828
topic1: 0x00000000000000000000000000000000000000000000000000000003b1138b70
topic2: 0x00000000000000000000000000000000000000000000000000000000635d40ee
topic3: 0x00000000000000000000000000000000000000000000000000000000635d40ee

===== show log 5 =====
parsing topics..
searching for issu action
---- Found an issu event! ----
block number: 3925320
txHash: 0x2d9fdedcd6ea4758ef324aa22e02603d9f17cbf7fa7b21015241fab7ffbc4a52
topics details:
event Issu(uint256 indexed sprice, uint64 indexed now, uint64 indexed last);
topic0: 0x11b3bd0b1439fef956ad5b4c0b5c1fb4eba94e9c2a8ace3497a5b0712fb4c828
topic1: 0x00000000000000000000000000000000000000000000000000000004ec1a0f40
topic2: 0x00000000000000000000000000000000000000000000000000000000635e9232
topic3: 0x00000000000000000000000000000000000000000000000000000000635d40ee

===== show log 6 =====
parsing topics..
searching for issu action
---- Found an issu event! ----
block number: 3925320
txHash: 0xcce112deed60d83b3b359782692396a32bbc3180740d31de7536e182dd1d592e
topics details:
event Issu(uint256 indexed sprice, uint64 indexed now, uint64 indexed last);
topic0: 0x11b3bd0b1439fef956ad5b4c0b5c1fb4eba94e9c2a8ace3497a5b0712fb4c828
topic1: 0x00000000000000000000000000000000000000000000000000000003b1138b70
topic2: 0x00000000000000000000000000000000000000000000000000000000635e9232
topic3: 0x00000000000000000000000000000000000000000000000000000000635e9232

===== show log 7 =====
parsing topics..
searching for issu action
---- Found an issu event! ----
block number: 3945900
txHash: 0xda447b7678eec3eb2230906fe395cb9424b909e5a49a776f52b1ea8ef4670a56
topics details:
event Issu(uint256 indexed sprice, uint64 indexed now, uint64 indexed last);
topic0: 0x11b3bd0b1439fef956ad5b4c0b5c1fb4eba94e9c2a8ace3497a5b0712fb4c828
topic1: 0x00000000000000000000000000000000000000000000000000000004ec1a0f40
topic2: 0x00000000000000000000000000000000000000000000000000000000635fe3b2
topic3: 0x00000000000000000000000000000000000000000000000000000000635e9232

===== show log 8 =====
parsing topics..
searching for issu action
---- Found an issu event! ----
block number: 3945918
txHash: 0x9ebd3c7aed9ace43e88271d18afcf9d177e206fee2dc9c7bfa4e0f9beffbc434
topics details:
event Issu(uint256 indexed sprice, uint64 indexed now, uint64 indexed last);
topic0: 0x11b3bd0b1439fef956ad5b4c0b5c1fb4eba94e9c2a8ace3497a5b0712fb4c828
topic1: 0x00000000000000000000000000000000000000000000000000000004ec1a0f40
topic2: 0x0000000000000000000000000000000000000000000000000000000063602480
topic3: 0x00000000000000000000000000000000000000000000000000000000635fe3b2

===== show log 9 =====
parsing topics..
searching for issu action
---- Found an issu event! ----
block number: 3945936
txHash: 0x0e603dd8263ef2319bcb7b47e3f3ada28062ed2fb73bc12865280e374ce49ee6
topics details:
event Issu(uint256 indexed sprice, uint64 indexed now, uint64 indexed last);
topic0: 0x11b3bd0b1439fef956ad5b4c0b5c1fb4eba94e9c2a8ace3497a5b0712fb4c828
topic1: 0x00000000000000000000000000000000000000000000000000000007622716e0
topic2: 0x00000000000000000000000000000000000000000000000000000000636024da
topic3: 0x0000000000000000000000000000000000000000000000000000000063602480

